<?xml version="1.0" encoding="UTF-8"?>
<!-- Generated by org.testng.reporters.JUnitXMLReporter -->
<testsuite ignored="0" hostname="ThinkPad" failures="0" tests="12" name="E2ETests- chrome" time="95.625" errors="0" timestamp="2021-11-01T20:06:40 EET">
  <testcase classname="tests.E2ETest_1" name="login" time="3.529"/>
  <testcase classname="tests.E2ETest_1" name="searchProductFromHomepage" time="4.09"/>
  <testcase classname="tests.E2ETest_1" name="addProductToCart" time="1.041"/>
  <testcase classname="tests.E2ETest_1" name="modifyCartAndRefresh" time="3.418"/>
  <testcase classname="tests.E2ETest_1" name="addShippingDetails" time="2.886"/>
  <testcase classname="tests.E2ETest_1" name="checkoutCart" time="2.297"/>
  <testcase classname="tests.E2ETest_2" name="addFrozenFoods" time="10.885"/>
  <testcase classname="tests.E2ETest_2" name="addBeverage" time="5.873"/>
  <testcase classname="tests.E2ETest_2" name="applyCoupon" time="1.482"/>
  <testcase classname="tests.E2ETest_2" name="addShippingDetails" time="2.626"/>
  <testcase classname="tests.E2ETest_2" name="checkoutCart" time="2.386"/>
  <testcase classname="tests.SmokeTest" name="navigateToBlogsAndCheckNr" time="1.537"/>
</testsuite> <!-- E2ETests- chrome -->
