<?xml version="1.0" encoding="UTF-8"?>
<testng-results ignored="0" total="6" passed="6" failed="0" skipped="0">
  <reporter-output>
  </reporter-output>
  <suite started-at="2021-11-01T19:40:27 EET" name="Keyfoods-TestSuite" finished-at="2021-11-01T19:40:49 EET" duration-ms="21975">
    <groups>
    </groups>
    <test started-at="2021-11-01T19:40:27 EET" name="E2ETests- chrome" finished-at="2021-11-01T19:40:49 EET" duration-ms="21975">
      <class name="tests.E2ETest_1">
        <test-method is-config="true" signature="setUp(java.lang.String)[pri:0, instance:tests.E2ETest_1@58c1c010]" started-at="2021-11-01T19:40:28 EET" name="setUp" finished-at="2021-11-01T19:40:32 EET" duration-ms="4842" status="PASS">
          <params>
            <param index="0">
              <value>
                <![CDATA[chrome]]>
              </value>
            </param>
          </params>
          <reporter-output>
          </reporter-output>
        </test-method> <!-- setUp -->
        <test-method signature="login()[pri:0, instance:tests.E2ETest_1@58c1c010]" started-at="2021-11-01T19:40:32 EET" name="login" finished-at="2021-11-01T19:40:36 EET" duration-ms="3470" status="PASS">
          <reporter-output>
          </reporter-output>
        </test-method> <!-- login -->
        <test-method signature="searchProductFromHomepage()[pri:1, instance:tests.E2ETest_1@58c1c010]" started-at="2021-11-01T19:40:36 EET" name="searchProductFromHomepage" finished-at="2021-11-01T19:40:40 EET" duration-ms="4007" status="PASS">
          <reporter-output>
          </reporter-output>
        </test-method> <!-- searchProductFromHomepage -->
        <test-method signature="addProductToCart()[pri:2, instance:tests.E2ETest_1@58c1c010]" started-at="2021-11-01T19:40:40 EET" name="addProductToCart" finished-at="2021-11-01T19:40:41 EET" duration-ms="1036" status="PASS">
          <reporter-output>
          </reporter-output>
        </test-method> <!-- addProductToCart -->
        <test-method signature="modifyCartAndRefresh()[pri:3, instance:tests.E2ETest_1@58c1c010]" started-at="2021-11-01T19:40:41 EET" name="modifyCartAndRefresh" finished-at="2021-11-01T19:40:44 EET" duration-ms="3377" status="PASS">
          <reporter-output>
          </reporter-output>
        </test-method> <!-- modifyCartAndRefresh -->
        <test-method signature="addShippingDetails()[pri:4, instance:tests.E2ETest_1@58c1c010]" started-at="2021-11-01T19:40:44 EET" name="addShippingDetails" finished-at="2021-11-01T19:40:47 EET" duration-ms="2791" status="PASS">
          <reporter-output>
          </reporter-output>
        </test-method> <!-- addShippingDetails -->
        <test-method signature="checkoutCart()[pri:5, instance:tests.E2ETest_1@58c1c010]" started-at="2021-11-01T19:40:47 EET" name="checkoutCart" finished-at="2021-11-01T19:40:49 EET" duration-ms="2149" status="PASS">
          <reporter-output>
          </reporter-output>
        </test-method> <!-- checkoutCart -->
        <test-method is-config="true" signature="tearDown()[pri:0, instance:tests.E2ETest_1@58c1c010]" started-at="2021-11-01T19:40:49 EET" name="tearDown" finished-at="2021-11-01T19:40:49 EET" duration-ms="247" status="PASS">
          <reporter-output>
          </reporter-output>
        </test-method> <!-- tearDown -->
      </class> <!-- tests.E2ETest_1 -->
    </test> <!-- E2ETests- chrome -->
  </suite> <!-- Keyfoods-TestSuite -->
</testng-results>
